<?xml version="1.0" ?>
<testsuite name="TestHello-20230318082806" tests="2" time="0.018" failures="0" errors="0">
	<testcase classname="TestHello" name="test_hello" time="0.017"/>
	<testcase classname="TestHello" name="test_hello_hello" time="0.001"/>
	<system-out><![CDATA[]]></system-out>
	<system-err><![CDATA[]]></system-err>
</testsuite>
